<?xml version="1.0" encoding="UTF-8"?>
<!-- Generated by org.testng.reporters.JUnitReportReporter -->
<testsuite hostname="LAPTOP-TUUDI5E4" failures="0" tests="3" name="com.datadriven.test.FlipcartRegistrationTest" time="37.374" errors="0" timestamp="2022-12-16T20:57:16 IST" skipped="0">
  <testcase classname="com.datadriven.test.FlipcartRegistrationTest" name="FlipkartRegTest" time="11.596"/>
  <system-out/>
  <testcase classname="com.datadriven.test.FlipcartRegistrationTest" name="FlipkartRegTest" time="12.881"/>
  <system-out/>
  <testcase classname="com.datadriven.test.FlipcartRegistrationTest" name="FlipkartRegTest" time="12.897"/>
  <system-out/>
</testsuite> <!-- com.datadriven.test.FlipcartRegistrationTest -->
