<?xml version="1.0" encoding="UTF-8"?>
<!-- Generated by org.testng.reporters.JUnitReportReporter -->
<testsuite hostname="LAPTOP-TUUDI5E4" failures="0" tests="4" name="com.test.TestNGFeatures" time="0.007" errors="0" timestamp="2022-12-13T11:27:42 IST" skipped="0">
  <testcase classname="com.test.TestNGFeatures" name="loginTest" time="0.001"/>
  <system-out/>
  <testcase classname="com.test.TestNGFeatures" name="searchPageTest" time="0.003"/>
  <system-out/>
  <testcase classname="com.test.TestNGFeatures" name="RegPageTest" time="0.001"/>
  <system-out/>
  <testcase classname="com.test.TestNGFeatures" name="homePageTest" time="0.002"/>
  <system-out/>
</testsuite> <!-- com.test.TestNGFeatures -->
