<?xml version="1.0" encoding="UTF-8"?>
<!-- Generated by org.testng.reporters.JUnitReportReporter -->
<testsuite hostname="LAPTOP-TUUDI5E4" failures="0" tests="1" name="com.test.ExceptionTimeOutTest" time="0.002" errors="0" timestamp="2022-12-13T11:27:42 IST" skipped="0">
  <testcase classname="com.test.ExceptionTimeOutTest" name="Test1" time="0.002"/>
  <system-out/>
</testsuite> <!-- com.test.ExceptionTimeOutTest -->
